mode: set
github.com/stolostron/maintenance-window-operator/api/v1alpha1/maintenancewindow_types.go:74.13,76.2 1 1
github.com/stolostron/maintenance-window-operator/api/v1alpha1/maintenancewindow_webhook.go:29.77,33.2 1 1
github.com/stolostron/maintenance-window-operator/api/v1alpha1/maintenancewindow_webhook.go:40.39,43.33 2 0
github.com/stolostron/maintenance-window-operator/api/v1alpha1/maintenancewindow_webhook.go:43.33,47.3 3 0
github.com/stolostron/maintenance-window-operator/api/v1alpha1/maintenancewindow_webhook.go:57.52,61.2 2 0
github.com/stolostron/maintenance-window-operator/api/v1alpha1/maintenancewindow_webhook.go:64.70,67.45 2 0
github.com/stolostron/maintenance-window-operator/api/v1alpha1/maintenancewindow_webhook.go:71.2,71.12 1 0
github.com/stolostron/maintenance-window-operator/api/v1alpha1/maintenancewindow_webhook.go:67.45,69.3 1 0
github.com/stolostron/maintenance-window-operator/api/v1alpha1/maintenancewindow_webhook.go:75.52,78.32 2 0
github.com/stolostron/maintenance-window-operator/api/v1alpha1/maintenancewindow_webhook.go:82.2,82.12 1 0
github.com/stolostron/maintenance-window-operator/api/v1alpha1/maintenancewindow_webhook.go:78.32,80.3 1 0
github.com/stolostron/maintenance-window-operator/api/v1alpha1/zz_generated.deepcopy.go:29.67,35.2 5 0
github.com/stolostron/maintenance-window-operator/api/v1alpha1/zz_generated.deepcopy.go:38.60,39.15 1 0
github.com/stolostron/maintenance-window-operator/api/v1alpha1/zz_generated.deepcopy.go:42.2,44.12 3 0
github.com/stolostron/maintenance-window-operator/api/v1alpha1/zz_generated.deepcopy.go:39.15,41.3 1 0
github.com/stolostron/maintenance-window-operator/api/v1alpha1/zz_generated.deepcopy.go:48.62,49.34 1 0
github.com/stolostron/maintenance-window-operator/api/v1alpha1/zz_generated.deepcopy.go:52.2,52.12 1 0
github.com/stolostron/maintenance-window-operator/api/v1alpha1/zz_generated.deepcopy.go:49.34,51.3 1 0
github.com/stolostron/maintenance-window-operator/api/v1alpha1/zz_generated.deepcopy.go:56.75,60.21 4 0
github.com/stolostron/maintenance-window-operator/api/v1alpha1/zz_generated.deepcopy.go:60.21,63.22 3 0
github.com/stolostron/maintenance-window-operator/api/v1alpha1/zz_generated.deepcopy.go:63.22,65.4 1 0
github.com/stolostron/maintenance-window-operator/api/v1alpha1/zz_generated.deepcopy.go:70.68,71.15 1 0
github.com/stolostron/maintenance-window-operator/api/v1alpha1/zz_generated.deepcopy.go:74.2,76.12 3 0
github.com/stolostron/maintenance-window-operator/api/v1alpha1/zz_generated.deepcopy.go:71.15,73.3 1 0
github.com/stolostron/maintenance-window-operator/api/v1alpha1/zz_generated.deepcopy.go:80.66,81.34 1 0
github.com/stolostron/maintenance-window-operator/api/v1alpha1/zz_generated.deepcopy.go:84.2,84.12 1 0
github.com/stolostron/maintenance-window-operator/api/v1alpha1/zz_generated.deepcopy.go:81.34,83.3 1 0
github.com/stolostron/maintenance-window-operator/api/v1alpha1/zz_generated.deepcopy.go:88.75,90.24 2 0
github.com/stolostron/maintenance-window-operator/api/v1alpha1/zz_generated.deepcopy.go:90.24,94.3 3 0
github.com/stolostron/maintenance-window-operator/api/v1alpha1/zz_generated.deepcopy.go:98.68,99.15 1 0
github.com/stolostron/maintenance-window-operator/api/v1alpha1/zz_generated.deepcopy.go:102.2,104.12 3 0
github.com/stolostron/maintenance-window-operator/api/v1alpha1/zz_generated.deepcopy.go:99.15,101.3 1 0
github.com/stolostron/maintenance-window-operator/api/v1alpha1/zz_generated.deepcopy.go:108.79,110.2 1 0
github.com/stolostron/maintenance-window-operator/api/v1alpha1/zz_generated.deepcopy.go:113.72,114.15 1 0
github.com/stolostron/maintenance-window-operator/api/v1alpha1/zz_generated.deepcopy.go:117.2,119.12 3 0
github.com/stolostron/maintenance-window-operator/api/v1alpha1/zz_generated.deepcopy.go:114.15,116.3 1 0
github.com/stolostron/maintenance-window-operator/controllers/maintenancewindow_controller.go:51.109,57.16 4 1
github.com/stolostron/maintenance-window-operator/controllers/maintenancewindow_controller.go:66.2,67.16 2 1
github.com/stolostron/maintenance-window-operator/controllers/maintenancewindow_controller.go:71.2,72.16 2 1
github.com/stolostron/maintenance-window-operator/controllers/maintenancewindow_controller.go:76.2,77.16 2 1
github.com/stolostron/maintenance-window-operator/controllers/maintenancewindow_controller.go:80.2,83.42 3 1
github.com/stolostron/maintenance-window-operator/controllers/maintenancewindow_controller.go:91.2,91.40 1 1
github.com/stolostron/maintenance-window-operator/controllers/maintenancewindow_controller.go:120.2,120.27 1 1
github.com/stolostron/maintenance-window-operator/controllers/maintenancewindow_controller.go:57.16,58.29 1 1
github.com/stolostron/maintenance-window-operator/controllers/maintenancewindow_controller.go:62.3,63.28 2 0
github.com/stolostron/maintenance-window-operator/controllers/maintenancewindow_controller.go:58.29,60.4 1 1
github.com/stolostron/maintenance-window-operator/controllers/maintenancewindow_controller.go:67.16,70.3 2 0
github.com/stolostron/maintenance-window-operator/controllers/maintenancewindow_controller.go:72.16,75.3 2 0
github.com/stolostron/maintenance-window-operator/controllers/maintenancewindow_controller.go:77.16,79.3 1 0
github.com/stolostron/maintenance-window-operator/controllers/maintenancewindow_controller.go:83.42,86.17 3 1
github.com/stolostron/maintenance-window-operator/controllers/maintenancewindow_controller.go:86.17,88.4 1 0
github.com/stolostron/maintenance-window-operator/controllers/maintenancewindow_controller.go:92.19,96.15 4 1
github.com/stolostron/maintenance-window-operator/controllers/maintenancewindow_controller.go:100.3,102.17 3 1
github.com/stolostron/maintenance-window-operator/controllers/maintenancewindow_controller.go:105.16,106.95 1 1
github.com/stolostron/maintenance-window-operator/controllers/maintenancewindow_controller.go:110.3,112.17 3 1
github.com/stolostron/maintenance-window-operator/controllers/maintenancewindow_controller.go:115.16,117.28 2 1
github.com/stolostron/maintenance-window-operator/controllers/maintenancewindow_controller.go:96.15,99.4 2 1
github.com/stolostron/maintenance-window-operator/controllers/maintenancewindow_controller.go:102.17,104.4 1 0
github.com/stolostron/maintenance-window-operator/controllers/maintenancewindow_controller.go:106.95,109.4 2 1
github.com/stolostron/maintenance-window-operator/controllers/maintenancewindow_controller.go:112.17,114.4 1 0
github.com/stolostron/maintenance-window-operator/controllers/maintenancewindow_controller.go:124.80,128.2 1 1
